<?xml version="1.0" encoding="UTF-8"?>
<!-- Generated by org.testng.reporters.JUnitXMLReporter -->
<testsuite hostname="Mypc" name="Test" tests="2" failures="1" timestamp="11 Jul 2016 12:21:16 GMT" time="21.131" errors="0">
  <testcase name="org_Empreg" time="11.249" classname="com.orgHRM.Testng.empregtest"/>
  <testcase name="userreg" time="0.007" classname="com.orgHRM.Testng.userregtest">
    <failure type="java.lang.NullPointerException">
      <![CDATA[java.lang.NullPointerException
	at com.orgHRM.Testng.userregtest.userreg(userregtest.java:18)
... Removed 25 stack frames]]>
    </failure>
  </testcase> <!-- userreg -->
</testsuite> <!-- Test -->
